<?xml version="1.0" encoding="UTF-8"?>
<testsuite xmlns:xsi="http://www.w3.org/2001/XMLSchema-instance" xsi:noNamespaceSchemaLocation="https://maven.apache.org/surefire/maven-surefire-plugin/xsd/surefire-test-report-3.0.xsd" version="3.0" name="nz.co.sundar.testautomation.restfulbooker.tests.DeleteBookingTests" time="10.247" tests="5" errors="0" skipped="0" failures="0">
  <properties>
[...]
</properties>
  <testcase name="deleteWithNoAuthTest" classname="nz.co.sundar.testautomation.restfulbooker.tests.DeleteBookingTests" time="1.238"/>
  <testcase name="deleteEmptyBookingIdTest" classname="nz.co.sundar.testautomation.restfulbooker.tests.DeleteBookingTests" time="2.556"/>
  <testcase name="deleteBookingTwiceTest" classname="nz.co.sundar.testautomation.restfulbooker.tests.DeleteBookingTests" time="3.222"/>
  <testcase name="deleteInvalidBookingIdTest" classname="nz.co.sundar.testautomation.restfulbooker.tests.DeleteBookingTests" time="1.057"/>
  <testcase name="deleteBookingTest" classname="nz.co.sundar.testautomation.restfulbooker.tests.DeleteBookingTests" time="2.139"/>
</testsuite>