<?xml version="1.0" encoding="UTF-8"?>
<testsuite xmlns:xsi="http://www.w3.org/2001/XMLSchema-instance" xsi:noNamespaceSchemaLocation="https://maven.apache.org/surefire/maven-surefire-plugin/xsd/surefire-test-report-3.0.xsd" version="3.0" name="tests.GetAllBookingIdsTests" time="2.829" tests="1" errors="0" skipped="0" failures="0">
  <properties>
[...]
</properties>
  <testcase name="getAllBookingIdsTest" classname="tests.GetAllBookingIdsTests" time="1.686">
    <system-out><![CDATA[Booking created with ID: 5274
Fetched booking IDs: [837, 3927, 3062, 4440, 301, 2970, 1996, 2957, 425, 790, 4614, 96, 288, 1423, 4573, 1390, 3273, 3904, 315, 707, 3037, 546, 3136, 3041, 3708, 2929, 2171, 893, 286, 5159, 2686, 1148, 4838, 879, 5210, 1176, 5175, 709, 18, 2388, 5190, 4851, 4021, 1293, 83, 4204, 2825, 2077, 3145, 4971, 4167, 567, 1215, 2577, 913, 2994, 1146, 1338, 69, 873, 2829, 3481, 561, 2393, 2514, 1812, 2385, 2548, 3197, 2624, 219, 1076, 2181, 2650, 1079, 3618, 2772, 3554, 551, 2366, 5066, 2903, 1453, 2904, 936, 4994, 4403, 3848, 2158, 4908, 3581, 2362, 3793, 1983, 5069, 5047, 1109, 149, 4260, 1659, 5268, 2067, 4789, 4405, 4629, 3791, 1752, 3589, 2740, 2956, 1055, 2991, 4026, 476, 4660, 1078, 5248, 2608, 3707, 2354, 2792, 2368, 2566, 3368, 2519, 1107, 419, 1439, 3985, 3541, 2706, 3765, 1066, 2484, 2289, 1340, 400, 521, 3505, 4544, 887, 1944, 500, 2455, 32, 1560, 4488, 1024, 4532, 3631, 744, 87, 2928, 1279, 1205, 2301, 2129, 3952, 5040, 3914, 1044, 4511, 1288, 4060, 2940, 3335, 250, 1779, 4580, 493, 2752, 2823, 5277, 782, 2075, 1476, 2585, 2377, 102, 2688, 3314, 5230, 2088, 1159, 502, 2459, 3710, 5191, 2280, 3675, 248, 4188, 2913, 3154, 1120, 578, 4157, 2487, 1872, 3134, 3854, 3844, 797, 945, 355, 297, 527, 1954, 168, 45, 758, 2922, 5107, 1625, 520, 683, 2119, 2197, 2826, 1953, 764, 1790, 2476, 2673, 1597, 2627, 1095, 983, 2670, 2500, 2429, 1736, 821, 1861, 3820, 603, 5259, 4378, 4565, 1330, 2528, 1764, 2614, 5029, 1103, 4139, 3884, 3686, 5264, 512, 4889, 1564, 4059, 4673, 4979, 3577, 933, 1837, 4176, 2299, 1400, 2542, 1127, 3330, 3683, 3900, 4, 2132, 2504, 3623, 4784, 5186, 1463, 4309, 3736, 1336, 2819, 822, 1271, 3537, 1860, 4198, 559, 1710, 4727, 2222, 2637, 223, 3233, 1309, 4450, 264, 1118, 1775, 4555, 5011, 2496, 1813, 163, 4172, 1040, 422, 437, 3228, 5113, 4768, 4290, 2678, 4997, 180, 3223, 3562, 1404, 3477, 116, 338, 1294, 4075, 1265, 3192, 3337, 2211, 739, 4705, 1685, 2919, 4128, 2569, 3496, 3826, 702, 1413, 1355, 1360, 2559, 4636, 3411, 466, 3732, 5121, 2426, 3543, 2775, 1361, 977, 216, 2209, 4566, 798, 4732, 2252, 1587, 316, 4643, 2809, 5183, 2538, 4543, 2139, 3763, 141, 260, 1945, 3492, 214, 4921, 4734, 1598, 5287, 1930, 3575, 4682, 488, 2231, 2786, 2112, 2906, 1402, 3865, 1575, 573, 3289, 3542, 4722, 1924, 4154, 447, 919, 4910, 462, 4305, 162, 204, 972, 4853, 2961, 117, 5135, 3075, 2370, 2083, 2771, 3515, 15, 4611, 1455, 305, 929, 2351, 126, 3070, 2972, 4924, 2836, 3749, 4160, 3373, 3276, 3921, 349, 2657, 100, 2471, 1628, 3691, 341, 4549, 1188, 1504, 405, 2683, 1675, 1932, 4704, 5091, 2300, 846, 2845, 1354, 200, 659, 344, 4053, 4109, 4860, 4947, 3527, 4311, 5048, 4395, 3377, 4630, 3926, 4182, 2256, 3935, 678, 1194, 613, 2490, 5212, 4619, 3110, 4093, 3980, 3591, 2656, 2652, 3433, 854, 3624, 5080, 3612, 918, 903, 4390, 692, 1057, 3582, 680, 4490, 11, 872, 509, 992, 3940, 3096, 2048, 1391, 3830, 229, 3417, 4432, 5008, 1248, 3512, 4280, 399, 3563, 5197, 1026, 1304, 2758, 1921, 2042, 1025, 1472, 5182, 4012, 5046, 1230, 1310, 3613, 2766, 564, 531, 3342, 3972, 3194, 1104, 2520, 1010, 2430, 3716, 1716, 4560, 3843, 1853, 3771, 4712, 2097, 1061, 5002, 394, 1167, 1966, 481, 1669, 2498, 2076, 4902, 1343, 5164, 4743, 1561, 133, 3419, 4400, 4323, 3269, 2629, 3633, 1999, 3697, 5271, 2013, 3799, 4449, 1672, 2840, 4541, 3609, 4956, 237, 1822, 1322, 789, 4058, 1825, 4748, 2311, 3412, 300, 5198, 30, 3045, 2141, 3321, 3263, 604, 4221, 1447, 75, 1778, 3396, 3117, 3163, 4586, 3427, 2044, 1225, 3806, 1380, 345, 1763, 1316, 3528, 2751, 2282, 3970, 1732, 3055, 3473, 1556, 4387, 2934, 2298, 176, 4679, 1328, 376, 227, 3937, 1226, 3872, 2968, 1405, 2580, 4640, 4613, 482, 5126, 2421, 202, 1681, 4571, 470, 2763, 1544, 5206, 646, 2460, 536, 3703, 1359, 174, 5034, 3949, 4820, 2441, 2976, 4270, 5160, 192, 2107, 412, 4861, 5165, 1161, 36, 4792, 2150, 3629, 888, 1493, 2781, 435, 4107, 1893, 4526, 265, 563, 865, 1559, 944, 310, 4045, 920, 1830, 2349, 4424, 1088, 308, 2273, 2251, 4578, 1213, 1553, 902, 1272, 3625, 4529, 334, 1785, 3222, 2942, 1845, 857, 4267, 5244, 2967, 4936, 2489, 60, 4530, 3006, 4986, 2169, 4476, 5154, 4600, 3742, 4284, 4024, 1274, 14, 1432, 245, 4568, 3487, 1824, 1586, 3385, 1797, 2267, 4000, 2868, 1323, 2392, 2425, 5228, 1255, 4406, 2161, 2210, 2718, 5088, 1287, 1137, 3849, 1383, 3182, 1801, 1392, 1565, 639, 2020, 2292, 89, 1974, 2847, 3329, 2814, 1977, 1524, 612, 5184, 5078, 2, 2510, 5217, 1988, 3565, 2667, 5170, 2479, 5270, 3056, 985, 2374, 587, 681, 4065, 2916, 1241, 1805, 5010, 1052, 1915, 4119, 3891, 2413, 2040, 1358, 2137, 467, 2616, 1626, 1796, 4562, 1351, 3201, 151, 190, 686, 4642, 2226, 2322, 3325, 1037, 1087, 3898, 39, 572, 806, 4481, 1202, 2155, 4346, 4153, 3997, 4925, 2024, 4417, 4295, 4650, 1558, 4353, 407, 1643, 3594, 1507, 1655, 4754, 2539, 3238, 2565, 737, 2431, 2214, 4025, 1548, 3274, 4002, 5225, 5058, 3640, 321, 1387, 5015, 4215, 1253, 1260, 2567, 708, 4638, 761, 4703, 953, 3720, 2250, 2407, 4730, 1291, 5263, 3717, 3781, 1793, 2179, 697, 545, 4502, 3095, 5025, 1964, 4376, 2196, 4342, 3353, 2594, 2640, 2890, 980, 5037, 1979, 5173, 3469, 170, 2302, 1185, 2017, 31, 4037, 1313, 4929, 2030, 5136, 59, 3132, 767, 2118, 4739, 4317, 4828, 495, 3548, 3347, 5106, 3008, 4537, 3474, 4955, 1567, 1372, 4082, 3240, 1693, 4620, 2820, 3974, 1523, 3287, 309, 3702, 465, 4183, 4773, 3958, 2716, 4144, 3800, 4846, 3590, 4067, 2749, 4098, 2334, 1344, 3571, 2859, 3500, 1117, 3073, 3964, 910, 2461, 2583, 3071, 4536, 1607, 2399, 1852, 1922, 4824, 207, 2015, 3994, 1611, 3669, 1081, 2946, 445, 1942, 667, 5238, 1839, 4609, 2784, 480, 3811, 1530, 3078, 326, 1129, 3593, 3603, 1914, 5255, 620, 668, 1346, 1023, 1715, 746, 186, 2380, 3303, 5178, 3261, 4094, 4444, 851, 4833, 3647, 3241, 1965, 1384, 3642, 4859, 63, 2074, 3915, 4251, 98, 2641, 960, 4185, 2160, 4521, 2264, 5279, 2420, 1232, 312, 1734, 1468, 1733, 4585, 3293, 1604, 1545, 2604, 2798, 3361, 1516, 353, 4004, 2515, 1722, 4843, 1298, 4101, 2782, 4760, 3005, 369, 4271, 1163, 1684, 4880, 2101, 125, 1028, 1808, 4095, 1712, 513, 2791, 843, 4782, 4217, 492, 4238, 4973, 3478, 733, 2071, 3004, 5020, 3014, 1569, 4540, 855, 3244, 473, 4812, 4454, 3101, 1062, 20, 2557, 558, 2176, 4759, 4343, 3363, 3175, 4231, 4786, 3016, 439, 1950, 698, 1552, 383, 1742, 1688, 4621, 743, 606, 2408, 946, 2690, 3568, 4802, 588, 2863, 3673, 721, 2507, 4216, 2897, 54, 372, 2262, 2493, 12, 1528, 3333, 1832, 591, 1762, 641, 3282, 2743, 1639, 84, 1686, 1108, 1268, 2534, 3785, 4064, 386, 4837, 4269, 314, 2729, 5199, 3743, 2531, 4832, 2659, 4433, 716, 413, 3694, 1739, 752, 1810, 266, 2472, 2278, 1820, 2452, 2186, 3823, 1157, 3351, 1136, 3022, 2474, 978, 1307, 4695, 4987, 2128, 2870, 1178, 3, 3740, 864, 4203, 2102, 4090, 4158, 3106, 710, 2417, 3778, 5278, 4213, 393, 2537, 792, 2746, 3465, 1757, 3080, 4783, 4421, 3129, 147, 2124, 1673, 4960, 4970, 4603, 2242, 3328, 4822, 2257, 4341, 2157, 2212, 2093, 2561, 3850, 3737, 2246, 4518, 434, 119, 4069, 3052, 5092, 2769, 4718, 1357, 5018, 448, 1033, 4287, 911, 1397, 3392, 4524, 3260, 3992, 361, 101, 4954, 777, 1741, 5032, 4618, 1631, 1195, 1993, 4228, 4736, 4415, 1350, 1053, 1139, 4352, 2732, 607, 1668, 2806, 3001, 4985, 689, 4042, 2695, 4601, 1662, 145, 1737, 2444, 2712, 78, 4512, 2339, 4951, 269, 4692, 3559, 224, 3279, 1531, 2883, 640, 5163, 1034, 189, 1947, 461, 2513, 2962, 3769, 966, 1760, 2568, 3880, 4200, 3634, 1032, 2998, 4684, 2767, 3350, 4255, 3149, 956, 251, 897, 5201, 3020, 5056, 2183, 5086, 128, 712, 4957, 4379, 1809, 2208, 523, 3344, 3081, 3294, 1331, 3899, 5209, 1444, 1765, 2307, 4263, 4914, 3786, 4764, 937, 3283, 2064, 1781, 1211, 3386, 3501, 342, 2021, 1963, 1496, 1600, 938, 876, 1536, 1239, 3305, 2665, 3297, 535, 2163, 4938, 1395, 5127, 3436, 1415, 131, 2815, 3600, 2770, 4181, 4753, 4222, 2839, 2592, 3278, 5061, 1050, 2314, 904, 3853, 4009, 2080, 877, 3892, 4206, 4282, 1448, 4335, 3809, 4935, 1937, 4990, 3177, 5004, 986, 5204, 3668, 1347, 3036, 3519, 894, 1701, 4401, 4963, 959, 428, 72, 2346, 1782, 4998, 3224, 4665, 416, 2465, 3889, 990, 4018, 205, 1491, 1514, 1266, 1838, 2909, 2704, 4852, 348, 1849, 729, 4972, 4081, 4810, 3343, 3605, 1928, 787, 2100, 942, 1317, 2057, 3905, 3862, 108, 4106, 1374, 4850, 3802, 3320, 3040, 181, 3488, 1588, 2068, 3750, 5105, 1582, 950, 395, 352, 1595, 4654, 1459, 1443, 1017, 4190, 2185, 1436, 1989, 1067, 2893, 2987, 1788, 5145, 4382, 2265, 1769, 3024, 4092, 4559, 501, 5050, 4460, 5017, 2133, 4013, 2475, 263, 3654, 3459, 4252, 4669, 1368, 5181, 2383, 33, 800, 4304, 3866, 4796, 2034, 4772, 365, 666, 4151, 2858, 1876, 34, 3485, 4427, 440, 2696, 2177, 2106, 233, 3522, 1601, 92, 3237, 4036, 4097, 2674, 1370, 636, 1116, 973, 3112, 3795, 4225, 2757, 1731, 2434, 1115, 4801, 3598, 1842, 1911, 384, 3815, 137, 5109, 4310, 29, 1986, 3856, 2655, 4919, 1433, 4364, 4717, 2974, 5196, 1325, 5057, 3764, 2735, 810, 1594, 3977, 1339, 3490, 3734, 2633, 1877, 1173, 1006, 1770, 4039, 4361, 1898, 4118, 1867, 2570, 5084, 456, 4805, 1464, 4486, 5269, 3518, 5009, 3467, 436, 1290, 267, 2811, 861, 2574, 3122, 5223, 1007, 3028, 1719, 952, 1224, 1500, 4656, 3651, 1756, 1772, 5075, 2996, 4362, 47, 570, 2816, 3191, 672, 548, 601, 3018, 62, 1170, 1744, 471, 3756, 4765, 4598, 2323, 2550, 3167, 3498, 3298, 281, 2326, 2995, 2626, 4470, 5156, 884, 1621, 1250, 1960, 555, 4823, 4916, 235, 3281, 1573, 999, 1689, 1013, 4877, 4383, 2920, 3398, 3290, 1799, 4769, 4447, 528, 3181, 2245, 3405, 3966, 212, 3250, 79, 794, 4667, 4438, 4558, 4835, 1276, 4054, 3907, 2149, 2143, 753, 2511, 4624, 1795, 4279, 4426, 4981, 2856, 3230, 5041, 4757, 5240, 537, 939, 1828, 3746, 4816, 4648, 454, 5036, 3611, 658, 2805, 294, 17, 2721, 336, 3184, 3536, 2389, 222, 2854, 1254, 4657, 4474, 4980, 5021, 4195, 2593, 3146, 1794, 4740, 1787, 3672, 745, 2443, 2304, 1378, 1792, 947, 1873, 1223, 2175, 4136, 899, 1451, 411, 807, 4234, 684, 5219, 3816, 4487, 579, 1273, 4336, 3886, 4733, 2142, 4174, 3965, 1547, 3366, 5031, 1517, 2799, 4441, 3215, 429, 2884, 3727, 4962, 5123, 4237, 356, 4886, 71, 2285, 4806, 3166, 809, 5039, 2596, 3258, 2384, 774, 74, 4350, 4977, 3665, 4633, 2620, 2992, 3013, 2527, 2451, 1610, 2833, 2727, 4475, 1941, 2676, 4429, 333, 2275, 908, 389, 2950, 2086, 2796, 188, 611, 748, 284, 4073, 1283, 4515, 2056, 5231, 1388, 4940, 2525, 4854, 1682, 3606, 3296, 5119, 183, 3491, 48, 2953, 5200, 401, 759, 3121, 1579, 2581, 4201, 41, 3161, 1214, 740, 3270, 4856, 596, 4552, 494, 4189, 4907, 1445, 283, 4869, 4777, 1179, 3444, 4370, 2730, 556, 3533, 1488, 3148, 368, 3450, 1221, 3883, 213, 2063, 2200, 747, 3564, 5232, 858, 2108, 2502, 2406, 3620, 4170, 4302, 1259, 1931, 4946, 616, 1696, 373, 1151, 4277, 3338, 1637, 674, 1305, 2563, 3206, 4348, 3374, 390, 2238, 3140, 3497, 4466, 3986, 2295, 4468, 3784, 5235, 594, 3719, 3257, 2436, 5224, 2853, 4411, 874, 9, 3555, 3723, 1362, 4477, 5033, 957, 1, 949, 3895, 803, 5280, 4976, 2517, 1612, 5079, 3137, 3202, 5049, 5012, 711, 4455, 2258, 109, 2834, 2875, 2359, 1995, 5026, 4893, 3918, 2699, 4683, 4423, 4591, 4318, 1210, 3185, 1184, 156, 2900, 3042, 5137, 4713, 997, 239, 2964, 4375, 2812, 5254, 4137, 1085, 2715, 5262, 2886, 2263, 3435, 1690, 1580, 1818, 1927, 3748, 2312, 3212, 1956, 1857, 2477, 4691, 3836, 4496, 4122, 1831, 4296, 3441, 984, 1869, 1029, 3065, 2008, 1748, 2728, 5063, 4894, 3558, 3388, 2085, 1789, 1497, 1720, 4663, 3113, 2762, 2166, 2293, 775, 282, 2724, 3221, 1750, 699, 159, 90, 3371, 2685, 6, 4514, 5068, 965, 662, 725, 3658, 5003, 5229, 3172, 3058, 3302, 228, 585, 4146, 2051, 4249, 5185, 144, 1335, 3048, 2722, 717, 5045, 142, 2850, 2232, 3687, 4339, 1581, 2002, 593, 3151, 5085, 4744, 4061, 5261, 623, 4531, 2905, 853, 1152, 4874, 3272, 442, 4696, 1589, 3706, 5241, 3439, 2352, 3674, 4257, 5251, 2658, 651, 4595, 2599, 2033, 1897, 3378, 3358, 3217, 2437, 3254, 3824, 3832, 279, 3529, 1192, 2333, 4655, 2691, 1920, 322, 2864, 3877, 4818, 522, 1147, 1882, 3128, 4330, 160, 5215, 878, 1522, 486, 4229, 1019, 1064, 817, 732, 3930, 4767, 5089, 1429, 3502, 4459, 2371, 5285, 2609, 2761, 363, 1645, 1827, 4264, 2896, 691, 828, 597, 2613, 37, 3207, 1667, 40, 3178, 2446, 762, 2611, 2632, 4022, 1635, 4658, 4038, 423, 2335, 4186, 2497, 2244, 2677, 2308, 1484, 1324, 3842, 134, 4939, 3262, 4588, 1077, 2259, 4508, 1366, 3105, 2589, 4763, 2306, 2316, 1263, 1125, 19, 719, 5115, 1908, 3030, 4076, 2332, 4143, 3688, 5168, 1041, 5043, 293, 3911, 4242, 2744, 3942, 4721, 392, 27, 3164, 2136, 2689, 1182, 3156, 4442, 3443, 2618, 360, 4934, 1172, 927, 4233, 3676, 3068, 3494, 1864, 3116, 3578, 4672, 5138, 4572, 4313, 3664, 2062, 3695, 812, 2975, 3790, 622, 1049, 924, 3511, 275, 121, 3762, 5124, 823, 2979, 4275, 811, 656, 1097, 2390, 3855, 3758, 4428, 1296, 1951, 103, 25, 2357, 2835, 302, 3960, 474, 2880, 4989, 2978, 705, 2993, 3380, 4905, 4258, 1235, 2423, 1614, 4223, 2638, 3857, 1332, 776, 4245, 2404, 86, 829, 4920, 1608, 3426, 3251, 2199, 3231, 2229, 3462, 1665, 4510, 2271, 1967, 44, 5284, 4180, 1282, 627, 506, 1234, 3356, 4553, 1570, 652, 3119, 3773, 1065, 4927, 2381, 3655, 1201, 1393, 1005, 3698, 491, 1471, 4864, 184, 2933, 3247, 3550, 4793, 426, 1889, 406, 197, 446, 5132, 244, 2173, 166, 24, 2456, 4057, 2947, 1164, 3959, 889, 3645, 2564, 2125, 503, 4241, 1629, 2844, 1936, 3599, 325, 630, 3142, 4209, 1281, 885, 2363, 255, 2793, 1416, 2862, 1654, 3308, 1246, 4483, 731, 1850, 5148, 4149, 3195, 2643, 1352, 4900, 209, 3871, 4016, 3878, 671, 4676, 2361, 1912, 1153, 4365, 1277, 3833, 4068, 4803, 5117, 1574, 4878, 4471, 4175, 2414, 1511, 258, 2737, 1196, 836, 3153, 1743, 4020, 2353, 4589, 3917, 4681, 1624, 3925, 4944, 4399, 696, 3648, 2409, 2087, 1585, 4831, 4051, 1020, 4312, 2182, 4825, 932, 257, 3100, 3187, 5112, 3242, 3312, 5193, 3104, 4788, 3383, 2018, 533, 1474, 4749, 4086, 2188, 4808, 600, 3652, 869, 1678, 2379, 1138, 21, 2219, 4928, 1204, 2926, 2612, 2230, 1319, 2971, 1403, 3739, 2202, 449, 3982, 118, 1502, 2645, 650, 1418, 318, 1381, 1894, 5102, 4124, 1004, 3678, 5073, 4610, 2647, 2553, 420, 4034, 2506, 2099, 824, 2681, 110, 2725, 95, 3236, 111, 2663, 2027, 339, 3470, 4087, 404, 3808, 2039, 1112, 4694, 4235, 5252, 1092, 4259, 3284, 979, 625, 2572, 3796, 2469, 1461, 236, 1086, 5097, 2857, 635, 4048, 1755, 2162, 3549, 4896, 4208, 5098, 112, 3017, 3409, 5142, 1441, 3639, 2233, 724, 1505, 4881, 2871, 380, 793, 1658, 4546, 378, 5257, 3200, 3569, 653, 769, 2887, 4847, 4079, 3203, 3083, 1409, 2817, 2189, 1534, 3085, 4862, 2355, 859, 4714, 1906, 3493, 132, 409, 4489, 4701, 2602, 4519, 3525, 4369, 1955, 968, 4678, 4909, 912, 2401, 1410, 2036, 4256, 2481, 2218, 2116, 2521, 3928, 4046, 825, 2907, 2127, 909, 3143, 580, 4575, 1233, 4078, 3770, 3879, 4338, 2849, 3794, 4138, 1166, 3047, 3051, 2146, 5207, 2937, 5055, 5172, 661, 530, 1369, 4100, 2560, 1376, 3264, 1754, 866, 2342, 3057, 783, 4968, 2330, 2045, 3910, 4871, 1606, 818, 1198, 638, 2131, 3064, 3084, 49, 2011, 2621, 3253, 969, 4298, 385, 1510, 4150, 2376, 2635, 1435, 3885, 4408, 4380, 2215, 3682, 2167, 2122, 2753, 1640, 772, 1286, 4001, 2468, 3209, 3913, 2203, 2006, 3677, 2416, 464, 2738, 2914, 2505, 1165, 4329, 3367, 1962, 5144, 1487, 998, 4627, 1130, 1519, 4462, 2113, 3246, 3158, 3322, 2190, 2605, 3711, 1613, 1245, 5239, 5147, 2892, 4942, 1992, 4274, 4043, 5227, 4394, 3091, 3130, 930, 540, 1417, 2701, 4132, 575, 1071, 4491, 2147, 4948, 3547, 2948, 1056, 3309, 3404, 3410, 3757, 1036, 1073, 4166, 3420, 4848, 5276, 4795, 234, 1425, 3630, 2963, 5274, 3950, 4675, 3919, 1568, 687, 4826, 1903, 4439, 2943, 4212, 3074, 4333, 3989, 242, 3572, 756, 38, 1653, 4556, 5167, 3667, 830, 3213, 2061, 1240, 1875, 243, 5177, 1525, 7, 4345, 1771, 4015, 1105, 1110, 4965, 3867, 1969, 1707, 4988, 2546, 4708, 1482, 779, 4711, 81, 3317, 4031, 3897, 4687, 4534, 4246, 8, 4008, 1725, 1829, 1131, 138, 4762, 68, 2495, 1503, 867, 4844, 991, 398, 4898, 230, 2822, 2329, 3457, 3666, 2536, 3646, 5221, 1902, 525, 4943, 849, 55, 3346, 1666, 882, 3979, 3432, 4628, 4582, 2270, 23, 2367, 738, 677, 1187, 4354, 609, 4523, 3061, 5143, 2600, 1576, 2582, 56, 2941, 4892, 1058, 415, 191, 1644, 3968, 673, 4884, 2037, 165, 3584, 1481, 2026, 1978, 2802, 801, 1218, 4775, 3170, 1883, 5072, 274, 198, 507, 4961, 4548, 3049, 5152, 1874, 4272, 582, 1723, 3745, 3252, 5133, 3976, 2848, 3448, 4507, 3924, 1627, 5267, 2918, 2541, 2694, 2009, 3632, 599, 4465, 3621, 1761, 13, 4596, 2545, 1143, 3689, 4347, 2522, 1971, 277, 2151, 755, 5052, 3971, 1916, 1126, 4863, 366, 3587, 4918, 3243, 4196, 2648, 5245, 182, 4495, 3660, 5192, 4240, 2092, 3908, 4505, 3186, 975, 2478, 485, 2000, 431, 2983, 2247, 1747, 2216, 3484, 4728, 728, 3029, 3585, 4088, 2958, 839, 2932, 3987, 157, 3437, 2081, 4904, 22, 2931, 1907, 2341, 496, 3414, 3521, 2205, 3713, 3506, 51, 173, 1329, 4436, 773, 3817, 3775, 1158, 4285, 1804, 4480, 519, 2925, 2193, 1174, 1692, 93, 720, 3955, 4308, 1349, 2482, 5006, 962, 104, 3365, 5027, 1000, 2869, 1878, 1811, 5202, 3399, 3751, 1480, 4774, 3155, 5176, 4358, 1698, 2449, 2742, 4482, 3418, 2654, 1449, 3782, 273, 4435, 996, 210, 701, 632, 3401, 1784, 3125, 3701, 2325, 2286, 1043, 4115, 3661, 4982, 5246, 4006, 4430, 971, 1711, 3109, 2398, 4498, 3318, 4597, 3777, 4461, 1535, 2405, 4108, 1660, 1408, 4116, 4724, 261, 529, 4604, 5226, 2808, 3002, 1700, 35, 2653, 2053, 1134, 351, 2115, 3315, 4592, 3007, 4407, 3858, 4325, 4393, 863, 2985, 5275, 4319, 4360, 1438, 770, 4870, 354, 3685, 3463, 4145, 4121, 1848, 4840, 3626, 2731, 1546, 1590, 3721, 3428, 3227, 2239, 4193, 1113, 4356, 2533, 1935, 487, 3580, 3067, 2138, 1892, 2790, 1193, 3995, 1704, 3614, 201, 4418, 1475, 2234, 3442, 3837, 2221, 1262, 5022, 1520, 4178, 4194, 1513, 665, 4995, 1016, 3341, 3535, 784, 3031, 43, 926, 3025, 4634, 3379, 254, 3890, 3774, 2644, 5130, 4320, 569, 2387, 1101, 4646, 3311, 3324, 3574, 4709, 4720, 5220, 4649, 5286, 3453, 2317, 1454, 2902, 4388, 3471, 3754, 1749, 1880, 1923, 1646, 647, 152, 4384, 571, 2760, 3513, 218, 249, 2590, 1314, 4606, 2734, 1238, 2098, 1866, 2241, 2130, 2094, 2052, 1426, 4420, 2680, 2347, 2661, 2876, 4105, 107, 438, 148, 1987, 3868, 3072, 3234, 4164, 2419, 633, 2551, 2305, 1650, 370, 3480, 1200, 1462, 330, 1142, 645, 3592, 4014, 221, 831, 898, 1721, 3805, 28, 2050, 4797, 2483, 3821, 2697, 1917, 2938, 1011, 3956, 4293, 2344, 3447, 452, 3827, 381, 367, 1661, 3451, 1617, 4084, 443, 565, 3801, 618, 4501, 1697, 2797, 3617, 26, 3126, 1440, 2206, 4967, 935, 3372, 3266, 1851, 271, 3043, 3507, 296, 2047, 3354, 1527, 3139, 2745, 2989, 3729, 2279, 3932, 584, 2630, 3452, 2984, 4652, 5139, 1708, 1870, 1411, 4780, 4085, 2874, 1302, 1022, 2324, 3152, 2917, 5101, 3326, 1181, 5024, 1905, 1379, 4689, 3998, 3657, 2710, 2266, 4030, 4885, 2394, 177, 1229, 2272, 1863, 5060, 4359, 4219, 605, 518, 4685, 5, 4389, 2010, 4750, 3538, 4527, 2783, 2778, 4469, 3939, 3583, 1208, 3714, 1538, 2223, 768, 4576, 306, 4504, 802, 838, 4625, 3402, 2439, 629, 5051, 543, 1072, 1191, 1817, 5035, 2711, 432, 1100, 3456, 1843, 1858, 4841, 4294, 1295, 4737, 1460, 4770, 2005, 479, 4915, 2253, 2703, 3532, 4932, 1494, 2154, 4779, 3035, 4161, 2584, 4497, 4457, 323, 852, 1539, 2485, 327, 3423, 3387, 1980, 1938, 1080, 2668, 4332, 832, 1119, 357, 4265, 2554, 3829, 4372, 1618, 1189, 1555, 3604, 2954, 2754, 4547, 4110, 4010, 4326, 4594, 3288, 1256, 1478, 2556, 2901, 3331, 2170, 5216, 2428, 2442, 4516, 3760, 2776, 285, 2803, 287, 5076, 4899, 4583, 1702, 4756, 1278, 129, 3947, 4397, 2865, 516, 2315, 5094, 4033, 923, 4102, 2719, 457, 688, 3079, 4699, 1145, 3841, 3731, 2895, 1301, 1694, 4670, 3700, 2606, 99, 3875, 590, 4288, 3103, 1885, 1961, 549, 2879, 5111, 1499, 3123, 1727, 3023, 3393, 458, 4798, 4817, 4448, 347, 1713, 2463, 1676, 4814, 958, 1244, 3725, 1776, 1398, 1098, 4133, 4003, 5016, 3168, 64, 2023, 2889, 3196, 3160, 2530, 723, 3847, 2191, 331, 77, 5023, 815, 2391, 2982, 4291, 2462, 1634, 2003, 3552, 2466, 3086, 5001, 3641, 1957, 3089, 2821, 1888, 2225, 42, 2435, 2831, 5014, 4072, 4602, 1537, 2598, 1616, 4644, 194, 2041, 1469, 1729, 2899, 1318, 4169, 2073, 3896, 3941, 2055, 4123, 4931, 3752, 1821, 3336, 1844, 2296, 4047, 2284, 3295, 2523, 171, 3416, 3962, 3556, 2450, 3544, 1124, 621, 3214, 3787, 2702, 1973, 10, 1363, 816, 644, 3034, 1622, 2070, 1424, 3408, 3724, 4726, 3978, 734, 1027, 2526, 1803, 2949, 3174, 2785, 4414, 3216, 1649, 785, 5082, 4142, 3092, 3464, 3384, 4052, 4207, 1308, 1997, 1046, 1886, 120, 3938, 2458, 905, 3991, 4564, 1452, 3951, 4747, 46, 320, 4131, 3838, 5213, 552, 3934, 3761, 554, 2400, 1485, 50, 179, 139, 2109, 995, 1836, 53, 3835, 4410, 475, 2842, 272, 4171, 2877, 4520, 154, 4811, 1430, 4570, 4890, 299, 1091, 5153, 3946, 917, 1543, 845, 5151, 3874, 943, 3009, 4911, 5099, 1247, 3863, 4127, 3430, 5118, 5028, 4227, 1269, 3834, 1603, 1155, 3173, 1706, 4344, 3357, 4698, 1042, 4248, 1094, 4303, 4324, 4130, 765, 2666, 4612, 65, 2981, 989, 5129, 5096, 515, 1209, 1652, 1070, 4163, 3098, 3360, 2824, 848, 657, 2121, 3807, 4855, 510, 2576, 690, 1220, 1014, 2288, 2373, 5134, 3407, 3115, 1420, 538, 2091, 4872, 3814, 1532, 2343, 2046, 1367, 4112, 4664, 4451, 3093, 4254, 608, 2709, 1900, 4363, 2029, 4686, 890, 1984, 3188, 4637, 3922, 4883, 3395, 2623, 1490, 4742, 4297, 4949, 4868, 842, 1948, 5067, 695, 2777, 3458, 3304, 896, 2338, 2318, 3508, 1642, 1890]
]]></system-out>
  </testcase>
</testsuite>